<?xml version="1.0" encoding="UTF-8"?>
<testsuite xmlns:xsi="http://www.w3.org/2001/XMLSchema-instance" xsi:noNamespaceSchemaLocation="https://maven.apache.org/surefire/maven-surefire-plugin/xsd/surefire-test-report-3.0.xsd" version="3.0" name="shortestpath.ShortestPathsTest" time="2.308" tests="15" errors="0" skipped="0" failures="0">
  <properties>
[...]
</properties>
  <testcase name="testShortestPathBetweenTwoNodesInALargeGraphWithNegativeWeights" classname="shortestpath.ShortestPathsTest" time="0.02">
    <system-err><![CDATA[testShortestPathBetweenTwoNodesInALargeGraphWithNegativeWeights
Dijkstra time: 1.289631ms
Bellman-Ford time: 0.06679ms
Floyd-Warshall time: 0.486676ms
--------------------------------------------------------------
]]></system-err>
  </testcase>
  <testcase name="testShortestPathBetweenTwoNodesInAGraphWithNegativeWeights" classname="shortestpath.ShortestPathsTest" time="0.0">
    <system-err><![CDATA[testShortestPathBetweenTwoNodesInAGraphWithNegativeWeights
Dijkstra time: 0.022417ms
Bellman-Ford time: 0.007943ms
Floyd-Warshall time: 0.009029ms
--------------------------------------------------------------
]]></system-err>
  </testcase>
  <testcase name="testShortestPathBetweenTwoNodesInABinaryTree" classname="shortestpath.ShortestPathsTest" time="0.001">
    <system-err><![CDATA[testShortestPathBetweenTwoNodesInABinaryTree
Dijkstra time: 0.023013ms
Bellman-Ford time: 0.009117ms
Floyd-Warshall time: 0.018165ms
--------------------------------------------------------------
]]></system-err>
  </testcase>
  <testcase name="testShortestPathBetweenAllPairsOfNodesInASmallGraph" classname="shortestpath.ShortestPathsTest" time="0.0">
    <system-err><![CDATA[testShortestPathBetweenAllPairsOfNodesInASmallGraph
Dijkstra time: 0.023369ms
Bellman-Ford time: 0.018542ms
Floyd-Warshall time: 0.010745ms
--------------------------------------------------------------
]]></system-err>
  </testcase>
  <testcase name="testShortestPathBetweenAllPairsOfNodesInAGraphWithNegativeCycle" classname="shortestpath.ShortestPathsTest" time="0.002">
    <system-err><![CDATA[testShortestPathBetweenAllPairsOfNodesInAGraphWithNegativeCycle
Bellman-Ford time: 0.013039ms
Floyd-Warshall time: 0.010577ms
--------------------------------------------------------------
]]></system-err>
  </testcase>
  <testcase name="testShortestPathBetweenAllPairsInAMassiveBinaryTree" classname="shortestpath.ShortestPathsTest" time="2.24">
    <system-err><![CDATA[testShortestPathBetweenAllPairsInAMassiveBinaryTree
Dijkstra time: 41.767489ms
Bellman-Ford time: 747.671233ms
Floyd-Warshall time: 1426.994815ms
--------------------------------------------------------------
]]></system-err>
  </testcase>
  <testcase name="testShortestPathBetweenAllPairsOfNodesInALargeGraph" classname="shortestpath.ShortestPathsTest" time="0.001">
    <system-err><![CDATA[testShortestPathBetweenAllPairsOfNodesInALargeGraph
Dijkstra time: 0.036685ms
Bellman-Ford time: 0.036032ms
Floyd-Warshall time: 0.12651ms
--------------------------------------------------------------
]]></system-err>
  </testcase>
  <testcase name="testShortestPathBetweenTwoNodesInASmallGraph" classname="shortestpath.ShortestPathsTest" time="0.002">
    <system-err><![CDATA[testShortestPathBetweenTwoNodesInASmallGraph
Dijkstra time: 0.126979ms
Bellman-Ford time: 0.003084ms
Floyd-Warshall time: 0.004288ms
--------------------------------------------------------------
]]></system-err>
  </testcase>
  <testcase name="testShortestPathBetweenAllPairsOfNodesInAGraphWithNegativeWeights" classname="shortestpath.ShortestPathsTest" time="0.002">
    <system-err><![CDATA[testShortestPathBetweenAllPairsOfNodesInAGraphWithNegativeWeights
Dijkstra time: 0.039946ms
Bellman-Ford time: 0.003958ms
Floyd-Warshall time: 0.004075ms
--------------------------------------------------------------
]]></system-err>
  </testcase>
  <testcase name="testShortestPathBetweenAllPairsOfNodesInABinaryTreeWithNegativeWeights" classname="shortestpath.ShortestPathsTest" time="0.001">
    <system-err><![CDATA[testShortestPathBetweenAllPairsOfNodesInABinaryTreeWithNegativeWeights
Dijkstra time: 0.048248ms
Bellman-Ford time: 0.005589ms
Floyd-Warshall time: 0.006373ms
--------------------------------------------------------------
]]></system-err>
  </testcase>
  <testcase name="testShortestPathBetweenAllPairsOfNodesInABinaryTree" classname="shortestpath.ShortestPathsTest" time="0.001">
    <system-err><![CDATA[testShortestPathBetweenAllPairsOfNodesInABinaryTree
Dijkstra time: 0.036487ms
Bellman-Ford time: 0.003821ms
Floyd-Warshall time: 0.00393ms
--------------------------------------------------------------
]]></system-err>
  </testcase>
  <testcase name="testShortestPathBetweenTwoNodesInALargeGraph" classname="shortestpath.ShortestPathsTest" time="0.002">
    <system-err><![CDATA[testShortestPathBetweenTwoNodesInALargeGraph
Dijkstra time: 0.046611ms
Bellman-Ford time: 0.002881ms
Floyd-Warshall time: 0.072716ms
--------------------------------------------------------------
]]></system-err>
  </testcase>
  <testcase name="testShortestPathBetweenAllPairsOfNodesInALargeGraphWithNegativeWeights" classname="shortestpath.ShortestPathsTest" time="0.001">
    <system-err><![CDATA[testShortestPathBetweenAllPairsOfNodesInALargeGraphWithNegativeWeights
Dijkstra time: 0.125846ms
Bellman-Ford time: 0.023579ms
Floyd-Warshall time: 0.092026ms
--------------------------------------------------------------
]]></system-err>
  </testcase>
  <testcase name="testShortestPathBetweenTwoNodesInAGraphWithNegativeCycle" classname="shortestpath.ShortestPathsTest" time="0.003">
    <system-err><![CDATA[testShortestPathBetweenTwoNodesInAGraphWithNegativeCycle
Bellman-Ford time: 0.020176ms
Floyd-Warshall time: 0.003962ms
--------------------------------------------------------------
]]></system-err>
  </testcase>
  <testcase name="testShortestPathBetweenTwoNodesInABinaryTreeWithNegativeWeights" classname="shortestpath.ShortestPathsTest" time="0.001">
    <system-err><![CDATA[testShortestPathBetweenTwoNodesInABinaryTreeWithNegativeWeights
Dijkstra time: 0.025892ms
Bellman-Ford time: 0.007499ms
Floyd-Warshall time: 0.005639ms
--------------------------------------------------------------
]]></system-err>
  </testcase>
</testsuite>