<?xml version="1.0" encoding="UTF-8"?>
<testsuite xmlns:xsi="http://www.w3.org/2001/XMLSchema-instance" xsi:noNamespaceSchemaLocation="https://maven.apache.org/surefire/maven-surefire-plugin/xsd/surefire-test-report-3.0.xsd" version="3.0" name="shortestpath.ShortestPathsTest" time="2.787" tests="15" errors="0" skipped="0" failures="0">
  <properties>
[...]
</properties>
  <testcase name="testShortestPathBetweenTwoNodesInALargeGraphWithNegativeWeights" classname="shortestpath.ShortestPathsTest" time="0.02">
    <system-err><![CDATA[testShortestPathBetweenTwoNodesInALargeGraphWithNegativeWeights
Dijkstra time: 2.275338ms
Bellman-Ford time: 0.090059ms
Floyd-Warshall time: 0.94343ms
--------------------------------------------------------------
]]></system-err>
  </testcase>
  <testcase name="testShortestPathBetweenTwoNodesInAGraphWithNegativeWeights" classname="shortestpath.ShortestPathsTest" time="0.002">
    <system-err><![CDATA[testShortestPathBetweenTwoNodesInAGraphWithNegativeWeights
Dijkstra time: 0.033784ms
Bellman-Ford time: 0.008627ms
Floyd-Warshall time: 0.011351ms
--------------------------------------------------------------
]]></system-err>
  </testcase>
  <testcase name="testShortestPathBetweenTwoNodesInABinaryTree" classname="shortestpath.ShortestPathsTest" time="0.001">
    <system-err><![CDATA[testShortestPathBetweenTwoNodesInABinaryTree
Dijkstra time: 0.030207ms
Bellman-Ford time: 0.008115ms
Floyd-Warshall time: 0.028113ms
--------------------------------------------------------------
]]></system-err>
  </testcase>
  <testcase name="testShortestPathBetweenAllPairsOfNodesInASmallGraph" classname="shortestpath.ShortestPathsTest" time="0.003">
    <system-err><![CDATA[testShortestPathBetweenAllPairsOfNodesInASmallGraph
Dijkstra time: 0.046027ms
Bellman-Ford time: 0.015028ms
Floyd-Warshall time: 0.0163ms
--------------------------------------------------------------
]]></system-err>
  </testcase>
  <testcase name="testShortestPathBetweenAllPairsOfNodesInAGraphWithNegativeCycle" classname="shortestpath.ShortestPathsTest" time="0.001">
    <system-err><![CDATA[testShortestPathBetweenAllPairsOfNodesInAGraphWithNegativeCycle
Bellman-Ford time: 0.018224ms
Floyd-Warshall time: 0.009988ms
--------------------------------------------------------------
]]></system-err>
  </testcase>
  <testcase name="testShortestPathBetweenAllPairsInAMassiveBinaryTree" classname="shortestpath.ShortestPathsTest" time="2.694">
    <system-err><![CDATA[testShortestPathBetweenAllPairsInAMassiveBinaryTree
Dijkstra time: 42.374063ms
Bellman-Ford time: 1042.677121ms
Floyd-Warshall time: 1570.916517ms
--------------------------------------------------------------
]]></system-err>
  </testcase>
  <testcase name="testShortestPathBetweenAllPairsOfNodesInALargeGraph" classname="shortestpath.ShortestPathsTest" time="0.002">
    <system-err><![CDATA[testShortestPathBetweenAllPairsOfNodesInALargeGraph
Dijkstra time: 0.017192ms
Bellman-Ford time: 0.024016ms
Floyd-Warshall time: 0.105999ms
--------------------------------------------------------------
]]></system-err>
  </testcase>
  <testcase name="testShortestPathBetweenTwoNodesInASmallGraph" classname="shortestpath.ShortestPathsTest" time="0.001">
    <system-err><![CDATA[testShortestPathBetweenTwoNodesInASmallGraph
Dijkstra time: 0.078577ms
Bellman-Ford time: 0.002104ms
Floyd-Warshall time: 0.002765ms
--------------------------------------------------------------
]]></system-err>
  </testcase>
  <testcase name="testShortestPathBetweenAllPairsOfNodesInAGraphWithNegativeWeights" classname="shortestpath.ShortestPathsTest" time="0.001">
    <system-err><![CDATA[testShortestPathBetweenAllPairsOfNodesInAGraphWithNegativeWeights
Dijkstra time: 0.027041ms
Bellman-Ford time: 0.003296ms
Floyd-Warshall time: 0.002745ms
--------------------------------------------------------------
]]></system-err>
  </testcase>
  <testcase name="testShortestPathBetweenAllPairsOfNodesInABinaryTreeWithNegativeWeights" classname="shortestpath.ShortestPathsTest" time="0.002">
    <system-err><![CDATA[testShortestPathBetweenAllPairsOfNodesInABinaryTreeWithNegativeWeights
Dijkstra time: 0.018134ms
Bellman-Ford time: 0.003998ms
Floyd-Warshall time: 0.004438ms
--------------------------------------------------------------
]]></system-err>
  </testcase>
  <testcase name="testShortestPathBetweenAllPairsOfNodesInABinaryTree" classname="shortestpath.ShortestPathsTest" time="0.002">
    <system-err><![CDATA[testShortestPathBetweenAllPairsOfNodesInABinaryTree
Dijkstra time: 0.038221ms
Bellman-Ford time: 0.006753ms
Floyd-Warshall time: 0.005931ms
--------------------------------------------------------------
]]></system-err>
  </testcase>
  <testcase name="testShortestPathBetweenTwoNodesInALargeGraph" classname="shortestpath.ShortestPathsTest" time="0.002">
    <system-err><![CDATA[testShortestPathBetweenTwoNodesInALargeGraph
Dijkstra time: 0.035166ms
Bellman-Ford time: 0.004499ms
Floyd-Warshall time: 0.134833ms
--------------------------------------------------------------
]]></system-err>
  </testcase>
  <testcase name="testShortestPathBetweenAllPairsOfNodesInALargeGraphWithNegativeWeights" classname="shortestpath.ShortestPathsTest" time="0.002">
    <system-err><![CDATA[testShortestPathBetweenAllPairsOfNodesInALargeGraphWithNegativeWeights
Dijkstra time: 0.128151ms
Bellman-Ford time: 0.043611ms
Floyd-Warshall time: 0.152807ms
--------------------------------------------------------------
]]></system-err>
  </testcase>
  <testcase name="testShortestPathBetweenTwoNodesInAGraphWithNegativeCycle" classname="shortestpath.ShortestPathsTest" time="0.003">
    <system-err><![CDATA[testShortestPathBetweenTwoNodesInAGraphWithNegativeCycle
Bellman-Ford time: 0.02658ms
Floyd-Warshall time: 0.009357ms
--------------------------------------------------------------
]]></system-err>
  </testcase>
  <testcase name="testShortestPathBetweenTwoNodesInABinaryTreeWithNegativeWeights" classname="shortestpath.ShortestPathsTest" time="0.0">
    <system-err><![CDATA[testShortestPathBetweenTwoNodesInABinaryTreeWithNegativeWeights
Dijkstra time: 0.023895ms
Bellman-Ford time: 0.009869ms
Floyd-Warshall time: 0.006342ms
--------------------------------------------------------------
]]></system-err>
  </testcase>
</testsuite>